<?xml version="1.0" encoding="UTF-8"?>
<!-- Generated by org.testng.reporters.JUnitXMLReporter -->
<testsuite hostname="DESKTOP-GLRLHRK" ignored="0" name="Smoke Testcases" tests="8" failures="1" timestamp="14 Oct 2020 13:36:58 GMT" time="134.778" errors="0">
  <testcase name="varifyLoginPageUrl" time="2.727" classname="test.scanario.DemoTest">
    <skipped/>
  </testcase> <!-- varifyLoginPageUrl -->
  <testcase name="varifyLoginPageUrl" time="0.058" classname="test.scanario.DemoTest">
    <skipped/>
  </testcase> <!-- varifyLoginPageUrl -->
  <testcase name="varifyLoginPageUrl" time="0.039" classname="test.scanario.DemoTest">
    <skipped/>
  </testcase> <!-- varifyLoginPageUrl -->
  <testcase name="varifyLoginPageUrl" time="0.064" classname="test.scanario.DemoTest">
    <failure type="java.lang.AssertionError" message="expected [http://103.206.163.20:9097/mandiri/do/] but found [http://103.206.163.20:9097/mandiri/do/login]">
      <![CDATA[java.lang.AssertionError: expected [http://103.206.163.20:9097/mandiri/do/] but found [http://103.206.163.20:9097/mandiri/do/login]
	at test.scanario.DemoTest.varifyLoginPageUrl(DemoTest.java:43)
... Removed 35 stack frames]]>
    </failure>
  </testcase> <!-- varifyLoginPageUrl -->
  <testcase name="varifyLoginPagetitle" time="1.629" classname="test.scanario.DemoTest">
    <skipped/>
  </testcase> <!-- varifyLoginPagetitle -->
  <testcase name="varifyLoginPagetitle" time="0.253" classname="test.scanario.DemoTest"/>
  <testcase name="varifyLoginPageLogo" time="0.408" classname="test.scanario.DemoTest"/>
  <testcase name="loginTest" time="3.894" classname="test.scanario.DemoTest"/>
</testsuite> <!-- Smoke Testcases -->
